<?xml version="1.0" encoding="UTF-8"?>
<testsuite name="MainTest" tests="4" skipped="0" failures="0" errors="0" timestamp="2022-11-10T16:21:01" hostname="1321WS10" time="0.016">
  <properties/>
  <testcase name="additional()" classname="MainTest" time="0.013"/>
  <testcase name="subtraction()" classname="MainTest" time="0.0"/>
  <testcase name="Multiplication()" classname="MainTest" time="0.0"/>
  <testcase name="Division()" classname="MainTest" time="0.0"/>
  <system-out><![CDATA[]]></system-out>
  <system-err><![CDATA[]]></system-err>
</testsuite>
